ldTest run started
ldTest org.scalajs.junit.AssertFalseTest.test started
leTest org.scalajs.junit.AssertFalseTest.test failed: java.lang.AssertionError: null, took <TIME>
e2org.scalajs.junit.AssertFalseTest.test::java.lang.AssertionError
ldTest org.scalajs.junit.AssertFalseTest.test finished, took <TIME>
ldTest run finished: 1 failed, 0 ignored, 1 total, <TIME>
d
