li[34mTest run started[0m
liTest org.scalajs.junit.[33mAssertFalse2Test[0m.[36mtest[0m started
leTest org.scalajs.junit.[33mAssertFalse2Test[0m.[31mtest[0m failed: java.lang.[31mAssertionError[0m: This is the message, took <TIME>
e2org.scalajs.junit.AssertFalse2Test.test::java.lang.AssertionError: This is the message
ldTest org.scalajs.junit.[33mAssertFalse2Test[0m.[36mtest[0m finished, took <TIME>
li[34mTest run finished: [0m[31m1 failed[0m[34m, [0m[34m0 ignored[0m[34m, 1 total, <TIME>[0m
d
