liTest run started
liTest org.scalajs.junit.AssumeAfterAssume.assumeFail started
leTest org.scalajs.junit.AssumeAfterAssume.assumeFail failed: org.junit.TestCouldNotBeSkippedException: Test could not be skipped due to other failures, took <TIME>
leCaused by: org.junit.AssumptionViolatedException: This assume should not pass
e2org.scalajs.junit.AssumeAfterAssume.assumeFail
leTest org.scalajs.junit.AssumeAfterAssume.assumeFail failed: org.junit.TestCouldNotBeSkippedException: Test could not be skipped due to other failures, took <TIME>
leCaused by: org.junit.AssumptionViolatedException: This assume should not pass
ldTest org.scalajs.junit.AssumeAfterAssume.assumeFail finished, took <TIME>
liTest run finished: 2 failed, 0 ignored, 1 total, <TIME>
d
