ld[34mTest run started[0m
ldTest org.scalajs.junit.[33mAssumeTest[0m.[36massumeFail[0m started
lwTest assumption in test org.scalajs.junit.[33mAssumeTest[0m.[31massumeFail[0m failed: org.junit.[31mAssumptionViolatedException[0m: This assume should not pass, took <TIME>
e3org.scalajs.junit.AssumeTest.assumeFail::org.junit.AssumptionViolatedException: This assume should not pass
ldTest org.scalajs.junit.[33mAssumeTest[0m.[36massumeFail[0m finished, took <TIME>
ld[34mTest run finished: [0m[34m0 failed[0m[34m, [0m[34m0 ignored[0m[34m, 1 total, <TIME>[0m
d
