ldTest run started
ldTest org.scalajs.junit.AssumeAfterException.test started
leTest org.scalajs.junit.AssumeAfterException.test failed: java.lang.IllegalArgumentException: test throws, took <TIME>
e2org.scalajs.junit.AssumeAfterException.test
leTest org.scalajs.junit.AssumeAfterException.test failed: org.junit.TestCouldNotBeSkippedException: Test could not be skipped due to other failures, took <TIME>
leCaused by: org.junit.AssumptionViolatedException: This assume should not pass
ldTest org.scalajs.junit.AssumeAfterException.test finished, took <TIME>
ldTest run finished: 2 failed, 0 ignored, 1 total, <TIME>
d
