ldTest run started
ldTest org.scalajs.junit.ExceptionInAfterTest.test started
leTest org.scalajs.junit.ExceptionInAfterTest.test failed: java.lang.UnsupportedOperationException: Exception in after(), took <TIME>
e2org.scalajs.junit.ExceptionInAfterTest.test::java.lang.UnsupportedOperationException: Exception in after()
ldTest org.scalajs.junit.ExceptionInAfterTest.test finished, took <TIME>
ldTest run finished: 1 failed, 0 ignored, 1 total, <TIME>
d
