ldTest run started
ldTest org.scalajs.junit.ExceptionTest.test started
leTest org.scalajs.junit.ExceptionTest.test failed: java.lang.IndexOutOfBoundsException: Exception message, took <TIME>
e2org.scalajs.junit.ExceptionTest.test::java.lang.IndexOutOfBoundsException: Exception message
ldTest org.scalajs.junit.ExceptionTest.test finished, took <TIME>
ldTest run finished: 1 failed, 0 ignored, 1 total, <TIME>
d
