liTest run started
leTest org.scalajs.junit.ExceptionEverywhere failed: java.lang.AssertionError: before class, took <TIME>
e2org.scalajs.junit.ExceptionEverywhere::java.lang.AssertionError: before class
leTest org.scalajs.junit.ExceptionEverywhere failed: java.lang.AssertionError: after class, took <TIME>
liTest run finished: 2 failed, 0 ignored, 0 total, <TIME>
d
