ldTest run started
ldTest org.scalajs.junit.ExceptionAfterAssume.assumeFail started
leTest org.scalajs.junit.ExceptionAfterAssume.assumeFail failed: org.junit.TestCouldNotBeSkippedException: Test could not be skipped due to other failures, took <TIME>
leCaused by: org.junit.AssumptionViolatedException: This assume should not pass
e2org.scalajs.junit.ExceptionAfterAssume.assumeFail::org.junit.TestCouldNotBeSkippedException: Test could not be skipped due to other failures
leTest org.scalajs.junit.ExceptionAfterAssume.assumeFail failed: java.lang.IllegalArgumentException: after() must be called, took <TIME>
ldTest org.scalajs.junit.ExceptionAfterAssume.assumeFail finished, took <TIME>
ldTest run finished: 2 failed, 0 ignored, 1 total, <TIME>
d
